Determining if the pthread_create exist failed with the following output:
Change Dir: /home/ja/temperaturausgabe/build/CMakeFiles/CMakeTmp

Run Build Command:"/usr/bin/make" "cmTC_3682d/fast"
/usr/bin/make -f CMakeFiles/cmTC_3682d.dir/build.make CMakeFiles/cmTC_3682d.dir/build
make[1]: Verzeichnis „/home/ja/temperaturausgabe/build/CMakeFiles/CMakeTmp“ wird betreten
Building C object CMakeFiles/cmTC_3682d.dir/CheckSymbolExists.c.o
/usr/bin/cc     -o CMakeFiles/cmTC_3682d.dir/CheckSymbolExists.c.o   -c /home/ja/temperaturausgabe/build/CMakeFiles/CMakeTmp/CheckSymbolExists.c
Linking C executable cmTC_3682d
/usr/bin/cmake -E cmake_link_script CMakeFiles/cmTC_3682d.dir/link.txt --verbose=1
/usr/bin/cc       CMakeFiles/cmTC_3682d.dir/CheckSymbolExists.c.o  -o cmTC_3682d -rdynamic 
CMakeFiles/cmTC_3682d.dir/CheckSymbolExists.c.o: In Funktion `main':
CheckSymbolExists.c:(.text+0x16): Nicht definierter Verweis auf `pthread_create'
collect2: error: ld returned 1 exit status
CMakeFiles/cmTC_3682d.dir/build.make:97: die Regel für Ziel „cmTC_3682d“ scheiterte
make[1]: *** [cmTC_3682d] Fehler 1
make[1]: Verzeichnis „/home/ja/temperaturausgabe/build/CMakeFiles/CMakeTmp“ wird verlassen
Makefile:126: die Regel für Ziel „cmTC_3682d/fast“ scheiterte
make: *** [cmTC_3682d/fast] Fehler 2

File /home/ja/temperaturausgabe/build/CMakeFiles/CMakeTmp/CheckSymbolExists.c:
/* */
#include <pthread.h>

int main(int argc, char** argv)
{
  (void)argv;
#ifndef pthread_create
  return ((int*)(&pthread_create))[argc];
#else
  (void)argc;
  return 0;
#endif
}

Determining if the function pthread_create exists in the pthreads failed with the following output:
Change Dir: /home/ja/temperaturausgabe/build/CMakeFiles/CMakeTmp

Run Build Command:"/usr/bin/make" "cmTC_88588/fast"
/usr/bin/make -f CMakeFiles/cmTC_88588.dir/build.make CMakeFiles/cmTC_88588.dir/build
make[1]: Verzeichnis „/home/ja/temperaturausgabe/build/CMakeFiles/CMakeTmp“ wird betreten
Building C object CMakeFiles/cmTC_88588.dir/CheckFunctionExists.c.o
/usr/bin/cc    -DCHECK_FUNCTION_EXISTS=pthread_create   -o CMakeFiles/cmTC_88588.dir/CheckFunctionExists.c.o   -c /usr/share/cmake-3.5/Modules/CheckFunctionExists.c
Linking C executable cmTC_88588
/usr/bin/cmake -E cmake_link_script CMakeFiles/cmTC_88588.dir/link.txt --verbose=1
/usr/bin/cc   -DCHECK_FUNCTION_EXISTS=pthread_create    CMakeFiles/cmTC_88588.dir/CheckFunctionExists.c.o  -o cmTC_88588 -rdynamic -lpthreads 
/usr/bin/ld: cannot find -lpthreads
collect2: error: ld returned 1 exit status
CMakeFiles/cmTC_88588.dir/build.make:97: die Regel für Ziel „cmTC_88588“ scheiterte
make[1]: *** [cmTC_88588] Fehler 1
make[1]: Verzeichnis „/home/ja/temperaturausgabe/build/CMakeFiles/CMakeTmp“ wird verlassen
Makefile:126: die Regel für Ziel „cmTC_88588/fast“ scheiterte
make: *** [cmTC_88588/fast] Fehler 2


